# JRE version: OpenJDK Runtime Environment (21.0.10) (build 21.0.10+-14961533-b1163.108)
# Java VM: OpenJDK 64-Bit Server VM (21.0.10+-14961533-b1163.108, mixed mode, tiered, compressed oops, compressed class ptrs, parallel gc, windows-amd64)
GC Precious Log:
 CardTable entry size: 512
 CPUs: 12 total, 12 available
 Memory: 16024M
 Large Page Support: Disabled
 NUMA Support: Disabled
 Compressed Oops: Enabled (Zero based)
 Alignments: Space 512K, Generation 512K, Heap 2M
 Heap Min Capacity: 8M
 Heap Initial Capacity: 252M
 Heap Max Capacity: 4G
 Pre-touch: Disabled
 Parallel Workers: 10
Heap:
 PSYoungGen      total 252416K, used 98496K [0x00000007aab00000, 0x00000007c0d00000, 0x0000000800000000)
  eden space 201216K, 30% used [0x00000007aab00000,0x00000007ae79fff0,0x00000007b6f80000)
  from space 51200K, 71% used [0x00000007b6f80000,0x00000007b93102b0,0x00000007ba180000)
  to   space 55296K, 0% used [0x00000007bd700000,0x00000007bd700000,0x00000007c0d00000)
 ParOldGen       total 283136K, used 261483K [0x0000000700000000, 0x0000000711480000, 0x00000007aab00000)
  object space 283136K, 92% used [0x0000000700000000,0x000000070ff5ac38,0x0000000711480000)
 Metaspace       used 192165K, committed 195200K, reserved 1245184K
  class space    used 25546K, committed 27072K, reserved 1048576K
GC Heap History (20 events):
Event: 26.823 GC heap before
{Heap before GC invocations=31 (full 4):
 PSYoungGen      total 85504K, used 85120K [0x00000007aab00000, 0x00000007b2700000, 0x0000000800000000)
  eden space 78336K, 100% used [0x00000007aab00000,0x00000007af780000,0x00000007af780000)
  from space 7168K, 94% used [0x00000007b2000000,0x00000007b26a0010,0x00000007b2700000)
  to   space 19968K, 0% used [0x00000007b0000000,0x00000007b0000000,0x00000007b1380000)
 ParOldGen       total 180736K, used 180468K [0x0000000700000000, 0x000000070b080000, 0x00000007aab00000)
  object space 180736K, 99% used [0x0000000700000000,0x000000070b03d258,0x000000070b080000)
 Metaspace       used 159642K, committed 162432K, reserved 1245184K
  class space    used 21600K, committed 23040K, reserved 1048576K
}
Event: 26.831 GC heap after
{Heap after GC invocations=31 (full 4):
 PSYoungGen      total 107008K, used 16606K [0x00000007aab00000, 0x00000007b3980000, 0x0000000800000000)
  eden space 87040K, 0% used [0x00000007aab00000,0x00000007aab00000,0x00000007b0000000)
  from space 19968K, 83% used [0x00000007b0000000,0x00000007b1037810,0x00000007b1380000)
  to   space 22016K, 0% used [0x00000007b2400000,0x00000007b2400000,0x00000007b3980000)
 ParOldGen       total 190464K, used 190272K [0x0000000700000000, 0x000000070ba00000, 0x00000007aab00000)
  object space 190464K, 99% used [0x0000000700000000,0x000000070b9d0158,0x000000070ba00000)
 Metaspace       used 159642K, committed 162432K, reserved 1245184K
  class space    used 21600K, committed 23040K, reserved 1048576K
}
Event: 27.332 GC heap before
{Heap before GC invocations=32 (full 4):
 PSYoungGen      total 107008K, used 103614K [0x00000007aab00000, 0x00000007b3980000, 0x0000000800000000)
  eden space 87040K, 99% used [0x00000007aab00000,0x00000007afff8068,0x00000007b0000000)
  from space 19968K, 83% used [0x00000007b0000000,0x00000007b1037810,0x00000007b1380000)
  to   space 22016K, 0% used [0x00000007b2400000,0x00000007b2400000,0x00000007b3980000)
 ParOldGen       total 190464K, used 190272K [0x0000000700000000, 0x000000070ba00000, 0x00000007aab00000)
  object space 190464K, 99% used [0x0000000700000000,0x000000070b9d0158,0x000000070ba00000)
 Metaspace       used 160255K, committed 163072K, reserved 1245184K
  class space    used 21648K, committed 23040K, reserved 1048576K
}
Event: 27.349 GC heap after
{Heap after GC invocations=32 (full 4):
 PSYoungGen      total 116736K, used 22002K [0x00000007aab00000, 0x00000007b5280000, 0x0000000800000000)
  eden space 94720K, 0% used [0x00000007aab00000,0x00000007aab00000,0x00000007b0780000)
  from space 22016K, 99% used [0x00000007b2400000,0x00000007b397c960,0x00000007b3980000)
  to   space 29184K, 0% used [0x00000007b0780000,0x00000007b0780000,0x00000007b2400000)
 ParOldGen       total 201216K, used 201191K [0x0000000700000000, 0x000000070c480000, 0x00000007aab00000)
  object space 201216K, 99% used [0x0000000700000000,0x000000070c479de0,0x000000070c480000)
 Metaspace       used 160255K, committed 163072K, reserved 1245184K
  class space    used 21648K, committed 23040K, reserved 1048576K
}
Event: 27.762 GC heap before
{Heap before GC invocations=33 (full 4):
 PSYoungGen      total 116736K, used 116722K [0x00000007aab00000, 0x00000007b5280000, 0x0000000800000000)
  eden space 94720K, 100% used [0x00000007aab00000,0x00000007b0780000,0x00000007b0780000)
  from space 22016K, 99% used [0x00000007b2400000,0x00000007b397c960,0x00000007b3980000)
  to   space 29184K, 0% used [0x00000007b0780000,0x00000007b0780000,0x00000007b2400000)
 ParOldGen       total 201216K, used 201191K [0x0000000700000000, 0x000000070c480000, 0x00000007aab00000)
  object space 201216K, 99% used [0x0000000700000000,0x000000070c479de0,0x000000070c480000)
 Metaspace       used 161189K, committed 164032K, reserved 1245184K
  class space    used 21759K, committed 23232K, reserved 1048576K
}
Event: 27.795 GC heap after
{Heap after GC invocations=33 (full 4):
 PSYoungGen      total 123904K, used 29168K [0x00000007aab00000, 0x00000007b8c80000, 0x0000000800000000)
  eden space 94720K, 0% used [0x00000007aab00000,0x00000007aab00000,0x00000007b0780000)
  from space 29184K, 99% used [0x00000007b0780000,0x00000007b23fc040,0x00000007b2400000)
  to   space 53760K, 0% used [0x00000007b5800000,0x00000007b5800000,0x00000007b8c80000)
 ParOldGen       total 254464K, used 254431K [0x0000000700000000, 0x000000070f880000, 0x00000007aab00000)
  object space 254464K, 99% used [0x0000000700000000,0x000000070f877f30,0x000000070f880000)
 Metaspace       used 161189K, committed 164032K, reserved 1245184K
  class space    used 21759K, committed 23232K, reserved 1048576K
}
Event: 28.181 GC heap before
{Heap before GC invocations=34 (full 4):
 PSYoungGen      total 123904K, used 91615K [0x00000007aab00000, 0x00000007b8c80000, 0x0000000800000000)
  eden space 94720K, 65% used [0x00000007aab00000,0x00000007ae7fbd88,0x00000007b0780000)
  from space 29184K, 99% used [0x00000007b0780000,0x00000007b23fc040,0x00000007b2400000)
  to   space 53760K, 0% used [0x00000007b5800000,0x00000007b5800000,0x00000007b8c80000)
 ParOldGen       total 254464K, used 254431K [0x0000000700000000, 0x000000070f880000, 0x00000007aab00000)
  object space 254464K, 99% used [0x0000000700000000,0x000000070f877f30,0x000000070f880000)
 Metaspace       used 163262K, committed 166080K, reserved 1245184K
  class space    used 22033K, committed 23488K, reserved 1048576K
}
Event: 28.198 GC heap after
{Heap after GC invocations=34 (full 4):
 PSYoungGen      total 175104K, used 2311K [0x00000007aab00000, 0x00000007b8a80000, 0x0000000800000000)
  eden space 123392K, 0% used [0x00000007aab00000,0x00000007aab00000,0x00000007b2380000)
  from space 51712K, 4% used [0x00000007b5800000,0x00000007b5a41f20,0x00000007b8a80000)
  to   space 52736K, 0% used [0x00000007b2380000,0x00000007b2380000,0x00000007b5700000)
 ParOldGen       total 283136K, used 282664K [0x0000000700000000, 0x0000000711480000, 0x00000007aab00000)
  object space 283136K, 99% used [0x0000000700000000,0x000000071140a0e0,0x0000000711480000)
 Metaspace       used 163262K, committed 166080K, reserved 1245184K
  class space    used 22033K, committed 23488K, reserved 1048576K
}
Event: 28.198 GC heap before
{Heap before GC invocations=35 (full 5):
 PSYoungGen      total 175104K, used 2311K [0x00000007aab00000, 0x00000007b8a80000, 0x0000000800000000)
  eden space 123392K, 0% used [0x00000007aab00000,0x00000007aab00000,0x00000007b2380000)
  from space 51712K, 4% used [0x00000007b5800000,0x00000007b5a41f20,0x00000007b8a80000)
  to   space 52736K, 0% used [0x00000007b2380000,0x00000007b2380000,0x00000007b5700000)
 ParOldGen       total 283136K, used 282664K [0x0000000700000000, 0x0000000711480000, 0x00000007aab00000)
  object space 283136K, 99% used [0x0000000700000000,0x000000071140a0e0,0x0000000711480000)
 Metaspace       used 163262K, committed 166080K, reserved 1245184K
  class space    used 22033K, committed 23488K, reserved 1048576K
}
Event: 28.400 GC heap after
{Heap after GC invocations=35 (full 5):
 PSYoungGen      total 175104K, used 0K [0x00000007aab00000, 0x00000007b8a80000, 0x0000000800000000)
  eden space 123392K, 0% used [0x00000007aab00000,0x00000007aab00000,0x00000007b2380000)
  from space 51712K, 0% used [0x00000007b5800000,0x00000007b5800000,0x00000007b8a80000)
  to   space 52736K, 0% used [0x00000007b2380000,0x00000007b2380000,0x00000007b5700000)
 ParOldGen       total 283136K, used 231965K [0x0000000700000000, 0x0000000711480000, 0x00000007aab00000)
  object space 283136K, 81% used [0x0000000700000000,0x000000070e287578,0x0000000711480000)
 Metaspace       used 163261K, committed 166080K, reserved 1245184K
  class space    used 22032K, committed 23488K, reserved 1048576K
}
Event: 28.852 GC heap before
{Heap before GC invocations=36 (full 5):
 PSYoungGen      total 175104K, used 116601K [0x00000007aab00000, 0x00000007b8a80000, 0x0000000800000000)
  eden space 123392K, 94% used [0x00000007aab00000,0x00000007b1cde7e8,0x00000007b2380000)
  from space 51712K, 0% used [0x00000007b5800000,0x00000007b5800000,0x00000007b8a80000)
  to   space 52736K, 0% used [0x00000007b2380000,0x00000007b2380000,0x00000007b5700000)
 ParOldGen       total 283136K, used 231965K [0x0000000700000000, 0x0000000711480000, 0x00000007aab00000)
  object space 283136K, 81% used [0x0000000700000000,0x000000070e287578,0x0000000711480000)
 Metaspace       used 163555K, committed 166400K, reserved 1245184K
  class space    used 22083K, committed 23552K, reserved 1048576K
}
Event: 28.866 GC heap after
{Heap after GC invocations=36 (full 5):
 PSYoungGen      total 176128K, used 38980K [0x00000007aab00000, 0x00000007bb800000, 0x0000000800000000)
  eden space 123392K, 0% used [0x00000007aab00000,0x00000007aab00000,0x00000007b2380000)
  from space 52736K, 73% used [0x00000007b2380000,0x00000007b4991030,0x00000007b5700000)
  to   space 57344K, 0% used [0x00000007b8000000,0x00000007b8000000,0x00000007bb800000)
 ParOldGen       total 283136K, used 231973K [0x0000000700000000, 0x0000000711480000, 0x00000007aab00000)
  object space 283136K, 81% used [0x0000000700000000,0x000000070e289578,0x0000000711480000)
 Metaspace       used 163555K, committed 166400K, reserved 1245184K
  class space    used 22083K, committed 23552K, reserved 1048576K
}
Event: 30.726 GC heap before
{Heap before GC invocations=37 (full 5):
 PSYoungGen      total 176128K, used 162372K [0x00000007aab00000, 0x00000007bb800000, 0x0000000800000000)
  eden space 123392K, 100% used [0x00000007aab00000,0x00000007b2380000,0x00000007b2380000)
  from space 52736K, 73% used [0x00000007b2380000,0x00000007b4991030,0x00000007b5700000)
  to   space 57344K, 0% used [0x00000007b8000000,0x00000007b8000000,0x00000007bb800000)
 ParOldGen       total 283136K, used 231973K [0x0000000700000000, 0x0000000711480000, 0x00000007aab00000)
  object space 283136K, 81% used [0x0000000700000000,0x000000070e289578,0x0000000711480000)
 Metaspace       used 165488K, committed 168384K, reserved 1245184K
  class space    used 22308K, committed 23808K, reserved 1048576K
}
Event: 30.737 GC heap after
{Heap after GC invocations=37 (full 5):
 PSYoungGen      total 215040K, used 6960K [0x00000007aab00000, 0x00000007bb500000, 0x0000000800000000)
  eden space 160768K, 0% used [0x00000007aab00000,0x00000007aab00000,0x00000007b4800000)
  from space 54272K, 12% used [0x00000007b8000000,0x00000007b86cc020,0x00000007bb500000)
  to   space 55808K, 0% used [0x00000007b4800000,0x00000007b4800000,0x00000007b7e80000)
 ParOldGen       total 283136K, used 239358K [0x0000000700000000, 0x0000000711480000, 0x00000007aab00000)
  object space 283136K, 84% used [0x0000000700000000,0x000000070e9bfa98,0x0000000711480000)
 Metaspace       used 165488K, committed 168384K, reserved 1245184K
  class space    used 22308K, committed 23808K, reserved 1048576K
}
Event: 33.790 GC heap before
{Heap before GC invocations=38 (full 5):
 PSYoungGen      total 215040K, used 167728K [0x00000007aab00000, 0x00000007bb500000, 0x0000000800000000)
  eden space 160768K, 100% used [0x00000007aab00000,0x00000007b4800000,0x00000007b4800000)
  from space 54272K, 12% used [0x00000007b8000000,0x00000007b86cc020,0x00000007bb500000)
  to   space 55808K, 0% used [0x00000007b4800000,0x00000007b4800000,0x00000007b7e80000)
 ParOldGen       total 283136K, used 239358K [0x0000000700000000, 0x0000000711480000, 0x00000007aab00000)
  object space 283136K, 84% used [0x0000000700000000,0x000000070e9bfa98,0x0000000711480000)
 Metaspace       used 171083K, committed 173952K, reserved 1245184K
  class space    used 22883K, committed 24384K, reserved 1048576K
}
Event: 33.797 GC heap after
{Heap after GC invocations=38 (full 5):
 PSYoungGen      total 216576K, used 14455K [0x00000007aab00000, 0x00000007bd680000, 0x0000000800000000)
  eden space 160768K, 0% used [0x00000007aab00000,0x00000007aab00000,0x00000007b4800000)
  from space 55808K, 25% used [0x00000007b4800000,0x00000007b561dde0,0x00000007b7e80000)
  to   space 52736K, 0% used [0x00000007ba300000,0x00000007ba300000,0x00000007bd680000)
 ParOldGen       total 283136K, used 243706K [0x0000000700000000, 0x0000000711480000, 0x00000007aab00000)
  object space 283136K, 86% used [0x0000000700000000,0x000000070edfe968,0x0000000711480000)
 Metaspace       used 171083K, committed 173952K, reserved 1245184K
  class space    used 22883K, committed 24384K, reserved 1048576K
}
Event: 44.428 GC heap before
{Heap before GC invocations=39 (full 5):
 PSYoungGen      total 216576K, used 175223K [0x00000007aab00000, 0x00000007bd680000, 0x0000000800000000)
  eden space 160768K, 100% used [0x00000007aab00000,0x00000007b4800000,0x00000007b4800000)
  from space 55808K, 25% used [0x00000007b4800000,0x00000007b561dde0,0x00000007b7e80000)
  to   space 52736K, 0% used [0x00000007ba300000,0x00000007ba300000,0x00000007bd680000)
 ParOldGen       total 283136K, used 243706K [0x0000000700000000, 0x0000000711480000, 0x00000007aab00000)
  object space 283136K, 86% used [0x0000000700000000,0x000000070edfe968,0x0000000711480000)
 Metaspace       used 180202K, committed 183232K, reserved 1245184K
  class space    used 24099K, committed 25664K, reserved 1048576K
}
Event: 44.438 GC heap after
{Heap after GC invocations=39 (full 5):
 PSYoungGen      total 250880K, used 5512K [0x00000007aab00000, 0x00000007bd380000, 0x0000000800000000)
  eden space 201216K, 0% used [0x00000007aab00000,0x00000007aab00000,0x00000007b6f80000)
  from space 49664K, 11% used [0x00000007ba300000,0x00000007ba862250,0x00000007bd380000)
  to   space 51200K, 0% used [0x00000007b6f80000,0x00000007b6f80000,0x00000007ba180000)
 ParOldGen       total 283136K, used 256267K [0x0000000700000000, 0x0000000711480000, 0x00000007aab00000)
  object space 283136K, 90% used [0x0000000700000000,0x000000070fa42ca0,0x0000000711480000)
 Metaspace       used 180202K, committed 183232K, reserved 1245184K
  class space    used 24099K, committed 25664K, reserved 1048576K
}
Event: 46.918 GC heap before
{Heap before GC invocations=40 (full 5):
 PSYoungGen      total 250880K, used 206728K [0x00000007aab00000, 0x00000007bd380000, 0x0000000800000000)
  eden space 201216K, 100% used [0x00000007aab00000,0x00000007b6f80000,0x00000007b6f80000)
  from space 49664K, 11% used [0x00000007ba300000,0x00000007ba862250,0x00000007bd380000)
  to   space 51200K, 0% used [0x00000007b6f80000,0x00000007b6f80000,0x00000007ba180000)
 ParOldGen       total 283136K, used 256267K [0x0000000700000000, 0x0000000711480000, 0x00000007aab00000)
  object space 283136K, 90% used [0x0000000700000000,0x000000070fa42ca0,0x0000000711480000)
 Metaspace       used 189404K, committed 192448K, reserved 1245184K
  class space    used 25256K, committed 26816K, reserved 1048576K
}
Event: 46.942 GC heap after
{Heap after GC invocations=40 (full 5):
 PSYoungGen      total 252416K, used 36416K [0x00000007aab00000, 0x00000007c0d00000, 0x0000000800000000)
  eden space 201216K, 0% used [0x00000007aab00000,0x00000007aab00000,0x00000007b6f80000)
  from space 51200K, 71% used [0x00000007b6f80000,0x00000007b93102b0,0x00000007ba180000)
  to   space 55296K, 0% used [0x00000007bd700000,0x00000007bd700000,0x00000007c0d00000)
 ParOldGen       total 283136K, used 261483K [0x0000000700000000, 0x0000000711480000, 0x00000007aab00000)
  object space 283136K, 92% used [0x0000000700000000,0x000000070ff5ac38,0x0000000711480000)
 Metaspace       used 189404K, committed 192448K, reserved 1245184K
  class space    used 25256K, committed 26816K, reserved 1048576K
}

